<?xml version="1.0" encoding="UTF-8"?>
<!-- Generated by org.testng.reporters.JUnitXMLReporter -->
<testsuite hostname="DESKTOP-1VVFV5H" ignored="0" name="Default test" tests="2" failures="1" timestamp="17 Jan 2020 06:17:25 GMT" time="26.568" errors="0">
  <testcase name="demo1" time="18.25" classname="com.capgemini.selenium.testng.TestDemo">
    <failure type="org.openqa.selenium.SessionNotCreatedException" message="session not created
from chrome not reachable
  (Session info: chrome=79.0.3945.117)
Build info: version: &amp;apos;3.141.59&amp;apos;, revision: &amp;apos;e82be7d358&amp;apos;, time: &amp;apos;2018-11-14T08:17:03&amp;apos;
System info: host: &amp;apos;DESKTOP-1VVFV5H&amp;apos;, ip: &amp;apos;192.168.42.246&amp;apos;, os.name: &amp;apos;Windows 10&amp;apos;, os.arch: &amp;apos;amd64&amp;apos;, os.version: &amp;apos;10.0&amp;apos;, java.version: &amp;apos;1.8.0_231&amp;apos;
Driver info: driver.version: ChromeDriver
remote stacktrace: Backtrace:
	Ordinal0 [0x00BCA113+1548563]
	Ordinal0 [0x00B4DDA1+1039777]
	Ordinal0 [0x00ACE32E+516910]
	Ordinal0 [0x00AC8012+491538]
	Ordinal0 [0x00AC86EB+493291]
	Ordinal0 [0x00AC9855+497749]
	Ordinal0 [0x00AC5885+481413]
	Ordinal0 [0x00ACF0D0+520400]
	Ordinal0 [0x00A7C030+180272]
	Ordinal0 [0x00A7B59D+177565]
	Ordinal0 [0x00A795FB+169467]
	Ordinal0 [0x00A6160A+71178]
	Ordinal0 [0x00A62690+75408]
	Ordinal0 [0x00A62629+75305]
	Ordinal0 [0x00B671B7+1143223]
	GetHandleVerifier [0x00C62B46+507814]
	GetHandleVerifier [0x00C62864+507076]
	GetHandleVerifier [0x00C69F47+537511]
	GetHandleVerifier [0x00C63402+510050]
	Ordinal0 [0x00B5F29C+1110684]
	Ordinal0 [0x00B6938B+1151883]
	Ordinal0 [0x00B694F3+1152243]
	Ordinal0 [0x00B683F5+1147893]
	BaseThreadInitThunk [0x76A16359+25]
	RtlGetAppContainerNamedObjectPath [0x77827B74+228]
	RtlGetAppContainerNamedObjectPath [0x77827B44+180]
">
      <![CDATA[org.openqa.selenium.SessionNotCreatedException: session not created
from chrome not reachable
  (Session info: chrome=79.0.3945.117)
Build info: version: '3.141.59', revision: 'e82be7d358', time: '2018-11-14T08:17:03'
System info: host: 'DESKTOP-1VVFV5H', ip: '192.168.42.246', os.name: 'Windows 10', os.arch: 'amd64', os.version: '10.0', java.version: '1.8.0_231'
Driver info: driver.version: ChromeDriver
remote stacktrace: Backtrace:
Ordinal0 [0x00BCA113+1548563]
Ordinal0 [0x00B4DDA1+1039777]
Ordinal0 [0x00ACE32E+516910]
Ordinal0 [0x00AC8012+491538]
Ordinal0 [0x00AC86EB+493291]
Ordinal0 [0x00AC9855+497749]
Ordinal0 [0x00AC5885+481413]
Ordinal0 [0x00ACF0D0+520400]
Ordinal0 [0x00A7C030+180272]
Ordinal0 [0x00A7B59D+177565]
Ordinal0 [0x00A795FB+169467]
Ordinal0 [0x00A6160A+71178]
Ordinal0 [0x00A62690+75408]
Ordinal0 [0x00A62629+75305]
Ordinal0 [0x00B671B7+1143223]
GetHandleVerifier [0x00C62B46+507814]
GetHandleVerifier [0x00C62864+507076]
GetHandleVerifier [0x00C69F47+537511]
GetHandleVerifier [0x00C63402+510050]
Ordinal0 [0x00B5F29C+1110684]
Ordinal0 [0x00B6938B+1151883]
Ordinal0 [0x00B694F3+1152243]
Ordinal0 [0x00B683F5+1147893]
BaseThreadInitThunk [0x76A16359+25]
RtlGetAppContainerNamedObjectPath [0x77827B74+228]
RtlGetAppContainerNamedObjectPath [0x77827B44+180]

at sun.reflect.NativeConstructorAccessorImpl.newInstance0(Native Method)
at sun.reflect.NativeConstructorAccessorImpl.newInstance(NativeConstructorAccessorImpl.java:62)
at sun.reflect.DelegatingConstructorAccessorImpl.newInstance(DelegatingConstructorAccessorImpl.java:45)
at java.lang.reflect.Constructor.newInstance(Constructor.java:423)
at org.openqa.selenium.remote.W3CHandshakeResponse.lambda$errorHandler$0(W3CHandshakeResponse.java:62)
at org.openqa.selenium.remote.HandshakeResponse.lambda$getResponseFunction$0(HandshakeResponse.java:30)
at org.openqa.selenium.remote.ProtocolHandshake.lambda$createSession$0(ProtocolHandshake.java:126)
at java.util.stream.ReferencePipeline$3$1.accept(ReferencePipeline.java:193)
at java.util.Spliterators$ArraySpliterator.tryAdvance(Spliterators.java:958)
at java.util.stream.ReferencePipeline.forEachWithCancel(ReferencePipeline.java:126)
at java.util.stream.AbstractPipeline.copyIntoWithCancel(AbstractPipeline.java:499)
at java.util.stream.AbstractPipeline.copyInto(AbstractPipeline.java:486)
at java.util.stream.AbstractPipeline.wrapAndCopyInto(AbstractPipeline.java:472)
at java.util.stream.FindOps$FindOp.evaluateSequential(FindOps.java:152)
at java.util.stream.AbstractPipeline.evaluate(AbstractPipeline.java:234)
at java.util.stream.ReferencePipeline.findFirst(ReferencePipeline.java:464)
at org.openqa.selenium.remote.ProtocolHandshake.createSession(ProtocolHandshake.java:128)
at org.openqa.selenium.remote.ProtocolHandshake.createSession(ProtocolHandshake.java:74)
at org.openqa.selenium.remote.HttpCommandExecutor.execute(HttpCommandExecutor.java:136)
at org.openqa.selenium.remote.service.DriverCommandExecutor.execute(DriverCommandExecutor.java:83)
at org.openqa.selenium.remote.RemoteWebDriver.execute(RemoteWebDriver.java:552)
at org.openqa.selenium.remote.RemoteWebDriver.startSession(RemoteWebDriver.java:213)
at org.openqa.selenium.remote.RemoteWebDriver.<init>(RemoteWebDriver.java:131)
at org.openqa.selenium.chrome.ChromeDriver.<init>(ChromeDriver.java:181)
at org.openqa.selenium.chrome.ChromeDriver.<init>(ChromeDriver.java:168)
at org.openqa.selenium.chrome.ChromeDriver.<init>(ChromeDriver.java:123)
at com.capgemini.selenium.testng.TestDemo.demo1(TestDemo.java:22)
at sun.reflect.NativeMethodAccessorImpl.invoke0(Native Method)
at sun.reflect.NativeMethodAccessorImpl.invoke(NativeMethodAccessorImpl.java:62)
at sun.reflect.DelegatingMethodAccessorImpl.invoke(DelegatingMethodAccessorImpl.java:43)
at java.lang.reflect.Method.invoke(Method.java:498)
at org.testng.internal.MethodInvocationHelper.invokeMethod(MethodInvocationHelper.java:124)
at org.testng.internal.Invoker.invokeMethod(Invoker.java:580)
at org.testng.internal.Invoker.invokeTestMethod(Invoker.java:716)
at org.testng.internal.Invoker.invokeTestMethods(Invoker.java:988)
at org.testng.internal.TestMethodWorker.invokeTestMethods(TestMethodWorker.java:125)
at org.testng.internal.TestMethodWorker.run(TestMethodWorker.java:109)
at org.testng.TestRunner.privateRun(TestRunner.java:648)
at org.testng.TestRunner.run(TestRunner.java:505)
at org.testng.SuiteRunner.runTest(SuiteRunner.java:455)
at org.testng.SuiteRunner.runSequentially(SuiteRunner.java:450)
at org.testng.SuiteRunner.privateRun(SuiteRunner.java:415)
at org.testng.SuiteRunner.run(SuiteRunner.java:364)
at org.testng.SuiteRunnerWorker.runSuite(SuiteRunnerWorker.java:52)
at org.testng.SuiteRunnerWorker.run(SuiteRunnerWorker.java:84)
at org.testng.TestNG.runSuitesSequentially(TestNG.java:1208)
at org.testng.TestNG.runSuitesLocally(TestNG.java:1137)
at org.testng.TestNG.runSuites(TestNG.java:1049)
at org.testng.TestNG.run(TestNG.java:1017)
at org.testng.remote.AbstractRemoteTestNG.run(AbstractRemoteTestNG.java:114)
at org.testng.remote.RemoteTestNG.initAndRun(RemoteTestNG.java:251)
at org.testng.remote.RemoteTestNG.main(RemoteTestNG.java:77)
]]>
    </failure>
  </testcase> <!-- demo1 -->
  <testcase name="demo2" time="8.267" classname="com.capgemini.selenium.testng.TestDemo"/>
</testsuite> <!-- Default test -->
